{"C:\\Users\\manis\\Work\\Aftershoot\\Unicorn-Design-System\\src\\components\\index.ts": {"path":"C:\\Users\\manis\\Work\\Aftershoot\\Unicorn-Design-System\\src\\components\\index.ts","statementMap":{"0":{"start":{"line":1,"column":0},"end":{"line":1,"column":7}},"1":{"start":{"line":14,"column":1},"end":{"line":1,"column":53}},"2":{"start":{"line":2,"column":0},"end":{"line":2,"column":7}},"3":{"start":{"line":16,"column":1},"end":{"line":2,"column":61}},"4":{"start":{"line":3,"column":0},"end":{"line":3,"column":7}},"5":{"start":{"line":26,"column":1},"end":{"line":3,"column":45}},"6":{"start":{"line":4,"column":0},"end":{"line":4,"column":7}},"7":{"start":{"line":24,"column":1},"end":{"line":4,"column":53}},"8":{"start":{"line":5,"column":0},"end":{"line":5,"column":7}},"9":{"start":{"line":32,"column":1},"end":{"line":5,"column":57}},"10":{"start":{"line":6,"column":0},"end":{"line":6,"column":7}},"11":{"start":{"line":22,"column":1},"end":{"line":6,"column":61}},"12":{"start":{"line":7,"column":0},"end":{"line":7,"column":7}},"13":{"start":{"line":20,"column":1},"end":{"line":7,"column":49}},"14":{"start":{"line":8,"column":0},"end":{"line":8,"column":7}},"15":{"start":{"line":34,"column":1},"end":{"line":8,"column":97}},"16":{"start":{"line":9,"column":0},"end":{"line":9,"column":7}},"17":{"start":{"line":18,"column":1},"end":{"line":9,"column":53}},"18":{"start":{"line":10,"column":0},"end":{"line":10,"column":7}},"19":{"start":{"line":28,"column":1},"end":{"line":10,"column":65}},"20":{"start":{"line":11,"column":0},"end":{"line":11,"column":7}},"21":{"start":{"line":30,"column":1},"end":{"line":11,"column":53}}},"fnMap":{},"branchMap":{},"s":{"0":5,"1":5,"2":5,"3":5,"4":5,"5":5,"6":5,"7":5,"8":5,"9":5,"10":5,"11":5,"12":5,"13":5,"14":5,"15":5,"16":5,"17":5,"18":5,"19":5,"20":5,"21":5},"f":{},"b":{}}
,"C:\\Users\\manis\\Work\\Aftershoot\\Unicorn-Design-System\\src\\components\\Button\\Button.tsx": {"path":"C:\\Users\\manis\\Work\\Aftershoot\\Unicorn-Design-System\\src\\components\\Button\\Button.tsx","statementMap":{"0":{"start":{"line":1,"column":0},"end":{"line":1,"column":25}},"1":{"start":{"line":2,"column":0},"end":{"line":2,"column":22}},"2":{"start":{"line":63,"column":38},"end":{"line":80,"column":2}},"3":{"start":{"line":64,"column":1},"end":{"line":79,"column":null}},"4":{"start":{"line":82,"column":0},"end":{"line":84,"column":null}},"5":{"start":{"line":86,"column":0},"end":{"line":86,"column":null}}},"fnMap":{"0":{"name":"(anonymous_3)","decl":{"start":{"line":63,"column":55},"end":{"line":63,"column":56}},"loc":{"start":{"line":63,"column":71},"end":{"line":80,"column":1}}}},"branchMap":{"0":{"loc":{"start":{"line":68,"column":17},"end":{"line":68,"column":77}},"type":"cond-expr","locations":[{"start":{"line":68,"column":33},"end":{"line":68,"column":58}},{"start":{"line":68,"column":61},"end":{"line":68,"column":77}}]},"1":{"loc":{"start":{"line":71,"column":9},"end":{"line":71,"column":31}},"type":"binary-expr","locations":[{"start":{"line":71,"column":9},"end":{"line":71,"column":19}},{"start":{"line":71,"column":23},"end":{"line":71,"column":31}}]},"2":{"loc":{"start":{"line":75,"column":12},"end":{"line":75,"column":44}},"type":"binary-expr","locations":[{"start":{"line":75,"column":12},"end":{"line":75,"column":27}},{"start":{"line":75,"column":31},"end":{"line":75,"column":44}}]},"3":{"loc":{"start":{"line":77,"column":4},"end":{"line":77,"column":32}},"type":"binary-expr","locations":[{"start":{"line":77,"column":4},"end":{"line":77,"column":14}},{"start":{"line":77,"column":18},"end":{"line":77,"column":32}}]}},"s":{"0":5,"1":5,"2":5,"3":13,"4":5,"5":5},"f":{"0":13},"b":{"0":[12,0],"1":[12,12],"2":[12,11],"3":[12,9]}}
,"C:\\Users\\manis\\Work\\Aftershoot\\Unicorn-Design-System\\src\\components\\CheckBox\\CheckBox.tsx": {"path":"C:\\Users\\manis\\Work\\Aftershoot\\Unicorn-Design-System\\src\\components\\CheckBox\\CheckBox.tsx","statementMap":{"0":{"start":{"line":1,"column":0},"end":{"line":1,"column":42}},"1":{"start":{"line":2,"column":0},"end":{"line":2,"column":68}},"2":{"start":{"line":3,"column":0},"end":{"line":3,"column":24}},"3":{"start":{"line":18,"column":42},"end":{"line":38,"column":1}},"4":{"start":{"line":19,"column":17},"end":{"line":23,"column":null}},"5":{"start":{"line":21,"column":3},"end":{"line":21,"column":null}},"6":{"start":{"line":26,"column":1},"end":{"line":37,"column":null}},"7":{"start":{"line":40,"column":0},"end":{"line":40,"column":null}}},"fnMap":{"0":{"name":"(anonymous_6)","decl":{"start":{"line":18,"column":42},"end":{"line":18,"column":43}},"loc":{"start":{"line":18,"column":48},"end":{"line":38,"column":1}}},"1":{"name":"(anonymous_7)","decl":{"start":{"line":20,"column":2},"end":{"line":20,"column":3}},"loc":{"start":{"line":20,"column":50},"end":{"line":22,"column":3}}}},"branchMap":{"0":{"loc":{"start":{"line":30,"column":5},"end":{"line":30,"column":48}},"type":"cond-expr","locations":[{"start":{"line":30,"column":19},"end":{"line":30,"column":31}},{"start":{"line":30,"column":34},"end":{"line":30,"column":48}}]},"1":{"loc":{"start":{"line":35,"column":4},"end":{"line":35,"column":44}},"type":"binary-expr","locations":[{"start":{"line":35,"column":4},"end":{"line":35,"column":15}},{"start":{"line":35,"column":19},"end":{"line":35,"column":44}}]}},"s":{"0":5,"1":5,"2":5,"3":5,"4":3,"5":1,"6":3,"7":5},"f":{"0":3,"1":1},"b":{"0":[1,2],"1":[3,1]}}
,"C:\\Users\\manis\\Work\\Aftershoot\\Unicorn-Design-System\\src\\components\\Chip\\Chip.tsx": {"path":"C:\\Users\\manis\\Work\\Aftershoot\\Unicorn-Design-System\\src\\components\\Chip\\Chip.tsx","statementMap":{"0":{"start":{"line":1,"column":0},"end":{"line":1,"column":25}},"1":{"start":{"line":2,"column":0},"end":{"line":2,"column":20}},"2":{"start":{"line":51,"column":34},"end":{"line":66,"column":1}},"3":{"start":{"line":51,"column":37},"end":{"line":51,"column":45}},"4":{"start":{"line":51,"column":45},"end":{"line":51,"column":58}},"5":{"start":{"line":51,"column":63},"end":{"line":51,"column":null}},"6":{"start":{"line":52,"column":1},"end":{"line":65,"column":null}},"7":{"start":{"line":68,"column":0},"end":{"line":68,"column":null}}},"fnMap":{"0":{"name":"(anonymous_4)","decl":{"start":{"line":51,"column":34},"end":{"line":51,"column":35}},"loc":{"start":{"line":51,"column":65},"end":{"line":66,"column":1}}}},"branchMap":{"0":{"loc":{"start":{"line":51,"column":45},"end":{"line":51,"column":58}},"type":"cond-expr","locations":[{"start":{"line":51,"column":48},"end":{"line":51,"column":53}},{"start":{"line":51,"column":53},"end":{"line":51,"column":58}}]},"1":{"loc":{"start":{"line":57,"column":14},"end":{"line":57,"column":55}},"type":"cond-expr","locations":[{"start":{"line":57,"column":30},"end":{"line":57,"column":43}},{"start":{"line":57,"column":46},"end":{"line":57,"column":55}}]},"2":{"loc":{"start":{"line":61,"column":12},"end":{"line":61,"column":38}},"type":"binary-expr","locations":[{"start":{"line":61,"column":12},"end":{"line":61,"column":21}},{"start":{"line":61,"column":25},"end":{"line":61,"column":38}}]},"3":{"loc":{"start":{"line":63,"column":4},"end":{"line":63,"column":32}},"type":"binary-expr","locations":[{"start":{"line":63,"column":4},"end":{"line":63,"column":14}},{"start":{"line":63,"column":18},"end":{"line":63,"column":32}}]}},"s":{"0":5,"1":5,"2":5,"3":5,"4":4,"5":4,"6":4,"7":5},"f":{"0":5},"b":{"0":[2,2],"1":[0,4],"2":[4,2],"3":[4,3]}}
,"C:\\Users\\manis\\Work\\Aftershoot\\Unicorn-Design-System\\src\\components\\Dialog\\Dialog.tsx": {"path":"C:\\Users\\manis\\Work\\Aftershoot\\Unicorn-Design-System\\src\\components\\Dialog\\Dialog.tsx","statementMap":{"0":{"start":{"line":1,"column":0},"end":{"line":1,"column":25}},"1":{"start":{"line":2,"column":0},"end":{"line":2,"column":37}},"2":{"start":{"line":3,"column":0},"end":{"line":3,"column":22}},"3":{"start":{"line":42,"column":38},"end":{"line":71,"column":1}},"4":{"start":{"line":43,"column":1},"end":{"line":70,"column":null}},"5":{"start":{"line":48,"column":4},"end":{"line":52,"column":null}},"6":{"start":{"line":49,"column":5},"end":{"line":49,"column":null}},"7":{"start":{"line":50,"column":11},"end":{"line":52,"column":null}},"8":{"start":{"line":51,"column":5},"end":{"line":51,"column":null}},"9":{"start":{"line":73,"column":0},"end":{"line":73,"column":null}}},"fnMap":{"0":{"name":"(anonymous_1)","decl":{"start":{"line":42,"column":38},"end":{"line":42,"column":39}},"loc":{"start":{"line":42,"column":44},"end":{"line":71,"column":1}}},"1":{"name":"(anonymous_2)","decl":{"start":{"line":47,"column":12},"end":{"line":47,"column":13}},"loc":{"start":{"line":47,"column":14},"end":{"line":53,"column":4}}}},"branchMap":{"0":{"loc":{"start":{"line":48,"column":4},"end":{"line":52,"column":null}},"type":"if","locations":[{"start":{"line":48,"column":4},"end":{"line":52,"column":null}},{"start":{"line":50,"column":11},"end":{"line":52,"column":null}}]},"1":{"loc":{"start":{"line":50,"column":11},"end":{"line":52,"column":null}},"type":"if","locations":[{"start":{"line":50,"column":11},"end":{"line":52,"column":null}}]},"2":{"loc":{"start":{"line":50,"column":15},"end":{"line":50,"column":55}},"type":"binary-expr","locations":[{"start":{"line":50,"column":15},"end":{"line":50,"column":32}},{"start":{"line":50,"column":36},"end":{"line":50,"column":55}}]},"3":{"loc":{"start":{"line":58,"column":47},"end":{"line":58,"column":86}},"type":"cond-expr","locations":[{"start":{"line":58,"column":69},"end":{"line":58,"column":76}},{"start":{"line":58,"column":79},"end":{"line":58,"column":86}}]},"4":{"loc":{"start":{"line":58,"column":47},"end":{"line":58,"column":66}},"type":"cond-expr","locations":[{"start":{"line":58,"column":52},"end":{"line":58,"column":54}},{"start":{"line":58,"column":47},"end":{"line":58,"column":66}}]},"5":{"loc":{"start":{"line":58,"column":47},"end":{"line":58,"column":54}},"type":"binary-expr","locations":[{"start":{"line":58,"column":47},"end":{"line":58,"column":54}},{"start":{"line":58,"column":47},"end":{"line":58,"column":54}}]},"6":{"loc":{"start":{"line":59,"column":5},"end":{"line":59,"column":137}},"type":"binary-expr","locations":[{"start":{"line":59,"column":5},"end":{"line":59,"column":24}},{"start":{"line":59,"column":28},"end":{"line":59,"column":137}}]},"7":{"loc":{"start":{"line":59,"column":5},"end":{"line":59,"column":24}},"type":"cond-expr","locations":[{"start":{"line":59,"column":10},"end":{"line":59,"column":12}},{"start":{"line":59,"column":5},"end":{"line":59,"column":24}}]},"8":{"loc":{"start":{"line":59,"column":5},"end":{"line":59,"column":12}},"type":"binary-expr","locations":[{"start":{"line":59,"column":5},"end":{"line":59,"column":12}},{"start":{"line":59,"column":5},"end":{"line":59,"column":12}}]},"9":{"loc":{"start":{"line":60,"column":5},"end":{"line":66,"column":null}},"type":"binary-expr","locations":[{"start":{"line":60,"column":5},"end":{"line":60,"column":24}},{"start":{"line":61,"column":5},"end":{"line":65,"column":null}}]},"10":{"loc":{"start":{"line":60,"column":5},"end":{"line":60,"column":24}},"type":"cond-expr","locations":[{"start":{"line":60,"column":10},"end":{"line":60,"column":12}},{"start":{"line":60,"column":5},"end":{"line":60,"column":24}}]},"11":{"loc":{"start":{"line":60,"column":5},"end":{"line":60,"column":12}},"type":"binary-expr","locations":[{"start":{"line":60,"column":5},"end":{"line":60,"column":12}},{"start":{"line":60,"column":5},"end":{"line":60,"column":12}}]}},"s":{"0":5,"1":5,"2":5,"3":5,"4":0,"5":0,"6":0,"7":0,"8":0,"9":5},"f":{"0":0,"1":0},"b":{"0":[0,0],"1":[0],"2":[0,0],"3":[0,0],"4":[0,0],"5":[0,0],"6":[0,0],"7":[0,0],"8":[0,0],"9":[0,0],"10":[0,0],"11":[0,0]}}
,"C:\\Users\\manis\\Work\\Aftershoot\\Unicorn-Design-System\\src\\components\\Divider\\Divider.tsx": {"path":"C:\\Users\\manis\\Work\\Aftershoot\\Unicorn-Design-System\\src\\components\\Divider\\Divider.tsx","statementMap":{"0":{"start":{"line":1,"column":0},"end":{"line":1,"column":25}},"1":{"start":{"line":2,"column":0},"end":{"line":2,"column":23}},"2":{"start":{"line":22,"column":40},"end":{"line":24,"column":1}},"3":{"start":{"line":23,"column":1},"end":{"line":23,"column":null}},"4":{"start":{"line":26,"column":0},"end":{"line":26,"column":null}}},"fnMap":{"0":{"name":"(anonymous_1)","decl":{"start":{"line":22,"column":40},"end":{"line":22,"column":41}},"loc":{"start":{"line":22,"column":46},"end":{"line":24,"column":1}}}},"branchMap":{"0":{"loc":{"start":{"line":23,"column":25},"end":{"line":23,"column":100}},"type":"cond-expr","locations":[{"start":{"line":23,"column":73},"end":{"line":23,"column":84}},{"start":{"line":23,"column":87},"end":{"line":23,"column":100}}]},"1":{"loc":{"start":{"line":23,"column":25},"end":{"line":23,"column":70}},"type":"binary-expr","locations":[{"start":{"line":23,"column":25},"end":{"line":23,"column":38}},{"start":{"line":23,"column":42},"end":{"line":23,"column":70}}]}},"s":{"0":5,"1":5,"2":5,"3":3,"4":5},"f":{"0":3},"b":{"0":[2,1],"1":[3,3]}}
,"C:\\Users\\manis\\Work\\Aftershoot\\Unicorn-Design-System\\src\\components\\DropDown\\DropDown.tsx": {"path":"C:\\Users\\manis\\Work\\Aftershoot\\Unicorn-Design-System\\src\\components\\DropDown\\DropDown.tsx","statementMap":{"0":{"start":{"line":1,"column":0},"end":{"line":1,"column":67}},"1":{"start":{"line":2,"column":0},"end":{"line":2,"column":40}},"2":{"start":{"line":3,"column":0},"end":{"line":3,"column":24}},"3":{"start":{"line":45,"column":42},"end":{"line":131,"column":1}},"4":{"start":{"line":45,"column":45},"end":{"line":45,"column":55}},"5":{"start":{"line":45,"column":55},"end":{"line":45,"column":77}},"6":{"start":{"line":45,"column":82},"end":{"line":45,"column":null}},"7":{"start":{"line":46,"column":18},"end":{"line":46,"column":30}},"8":{"start":{"line":47,"column":22},"end":{"line":47,"column":34}},"9":{"start":{"line":48,"column":21},"end":{"line":48,"column":33}},"10":{"start":{"line":50,"column":27},"end":{"line":50,"column":42}},"11":{"start":{"line":50,"column":13},"end":{"line":50,"column":15}},"12":{"start":{"line":50,"column":23},"end":{"line":50,"column":27}},"13":{"start":{"line":51,"column":29},"end":{"line":51,"column":40}},"14":{"start":{"line":51,"column":14},"end":{"line":51,"column":16}},"15":{"start":{"line":51,"column":25},"end":{"line":51,"column":29}},"16":{"start":{"line":53,"column":23},"end":{"line":56,"column":7}},"17":{"start":{"line":54,"column":25},"end":{"line":54,"column":65}},"18":{"start":{"line":55,"column":2},"end":{"line":55,"column":null}},"19":{"start":{"line":58,"column":1},"end":{"line":63,"column":null}},"20":{"start":{"line":59,"column":2},"end":{"line":59,"column":null}},"21":{"start":{"line":60,"column":2},"end":{"line":62,"column":null}},"22":{"start":{"line":61,"column":3},"end":{"line":61,"column":null}},"23":{"start":{"line":65,"column":22},"end":{"line":74,"column":null}},"24":{"start":{"line":67,"column":3},"end":{"line":67,"column":null}},"25":{"start":{"line":68,"column":3},"end":{"line":68,"column":null}},"26":{"start":{"line":70,"column":3},"end":{"line":70,"column":null}},"27":{"start":{"line":71,"column":3},"end":{"line":71,"column":null}},"28":{"start":{"line":72,"column":3},"end":{"line":72,"column":null}},"29":{"start":{"line":77,"column":15},"end":{"line":79,"column":30}},"30":{"start":{"line":78,"column":2},"end":{"line":78,"column":null}},"31":{"start":{"line":78,"column":47},"end":{"line":78,"column":79}},"32":{"start":{"line":81,"column":1},"end":{"line":130,"column":null}},"33":{"start":{"line":86,"column":19},"end":{"line":86,"column":null}},"34":{"start":{"line":86,"column":39},"end":{"line":86,"column":46}},"35":{"start":{"line":101,"column":93},"end":{"line":101,"column":112}},"36":{"start":{"line":110,"column":25},"end":{"line":110,"column":55}},"37":{"start":{"line":111,"column":6},"end":{"line":125,"column":null}},"38":{"start":{"line":120,"column":24},"end":{"line":120,"column":null}},"39":{"start":{"line":133,"column":0},"end":{"line":133,"column":null}}},"fnMap":{"0":{"name":"(anonymous_10)","decl":{"start":{"line":45,"column":42},"end":{"line":45,"column":43}},"loc":{"start":{"line":45,"column":84},"end":{"line":131,"column":1}}},"1":{"name":"(anonymous_11)","decl":{"start":{"line":53,"column":41},"end":{"line":53,"column":null}},"loc":{"start":{"line":53,"column":41},"end":{"line":56,"column":2}}},"2":{"name":"(anonymous_12)","decl":{"start":{"line":58,"column":11},"end":{"line":58,"column":null}},"loc":{"start":{"line":58,"column":11},"end":{"line":63,"column":2}}},"3":{"name":"(anonymous_13)","decl":{"start":{"line":66,"column":2},"end":{"line":66,"column":3}},"loc":{"start":{"line":66,"column":27},"end":{"line":73,"column":3}}},"4":{"name":"(anonymous_14)","decl":{"start":{"line":77,"column":23},"end":{"line":77,"column":null}},"loc":{"start":{"line":77,"column":23},"end":{"line":79,"column":2}}},"5":{"name":"(anonymous_15)","decl":{"start":{"line":78,"column":38},"end":{"line":78,"column":39}},"loc":{"start":{"line":78,"column":42},"end":{"line":78,"column":52}}},"6":{"name":"(anonymous_16)","decl":{"start":{"line":86,"column":13},"end":{"line":86,"column":19}},"loc":{"start":{"line":86,"column":13},"end":{"line":86,"column":27}}},"7":{"name":"(anonymous_17)","decl":{"start":{"line":86,"column":28},"end":{"line":86,"column":29}},"loc":{"start":{"line":86,"column":34},"end":{"line":86,"column":40}}},"8":{"name":"(anonymous_18)","decl":{"start":{"line":101,"column":87},"end":{"line":101,"column":93}},"loc":{"start":{"line":101,"column":87},"end":{"line":101,"column":101}}},"9":{"name":"(anonymous_19)","decl":{"start":{"line":109,"column":34},"end":{"line":109,"column":35}},"loc":{"start":{"line":109,"column":42},"end":{"line":126,"column":6}}},"10":{"name":"(anonymous_20)","decl":{"start":{"line":120,"column":17},"end":{"line":120,"column":18}},"loc":{"start":{"line":120,"column":19},"end":{"line":120,"column":36}}}},"branchMap":{"0":{"loc":{"start":{"line":45,"column":55},"end":{"line":45,"column":77}},"type":"cond-expr","locations":[{"start":{"line":45,"column":58},"end":{"line":45,"column":72}},{"start":{"line":45,"column":72},"end":{"line":45,"column":77}}]},"1":{"loc":{"start":{"line":60,"column":2},"end":{"line":62,"column":null}},"type":"if","locations":[{"start":{"line":60,"column":2},"end":{"line":62,"column":null}}]},"2":{"loc":{"start":{"line":61,"column":3},"end":{"line":61,"column":109}},"type":"cond-expr","locations":[{"start":{"line":61,"column":35},"end":{"line":61,"column":37}},{"start":{"line":61,"column":35},"end":{"line":61,"column":109}}]},"3":{"loc":{"start":{"line":61,"column":3},"end":{"line":61,"column":37}},"type":"binary-expr","locations":[{"start":{"line":61,"column":3},"end":{"line":61,"column":37}},{"start":{"line":61,"column":35},"end":{"line":61,"column":37}}]},"4":{"loc":{"start":{"line":96,"column":20},"end":{"line":96,"column":51}},"type":"cond-expr","locations":[{"start":{"line":96,"column":28},"end":{"line":96,"column":37}},{"start":{"line":96,"column":40},"end":{"line":96,"column":51}}]},"5":{"loc":{"start":{"line":101,"column":4},"end":{"line":101,"column":112}},"type":"binary-expr","locations":[{"start":{"line":101,"column":4},"end":{"line":101,"column":9}},{"start":{"line":101,"column":13},"end":{"line":101,"column":112}}]},"6":{"loc":{"start":{"line":103,"column":4},"end":{"line":127,"column":null}},"type":"binary-expr","locations":[{"start":{"line":103,"column":4},"end":{"line":103,"column":9}},{"start":{"line":104,"column":4},"end":{"line":126,"column":null}}]},"7":{"loc":{"start":{"line":106,"column":61},"end":{"line":106,"column":91}},"type":"cond-expr","locations":[{"start":{"line":106,"column":75},"end":{"line":106,"column":86}},{"start":{"line":106,"column":89},"end":{"line":106,"column":91}}]},"8":{"loc":{"start":{"line":113,"column":13},"end":{"line":113,"column":81}},"type":"cond-expr","locations":[{"start":{"line":113,"column":23},"end":{"line":113,"column":35}},{"start":{"line":113,"column":38},"end":{"line":113,"column":81}}]},"9":{"loc":{"start":{"line":113,"column":38},"end":{"line":113,"column":81}},"type":"cond-expr","locations":[{"start":{"line":113,"column":63},"end":{"line":113,"column":74}},{"start":{"line":113,"column":77},"end":{"line":113,"column":81}}]},"10":{"loc":{"start":{"line":115,"column":12},"end":{"line":115,"column":64}},"type":"cond-expr","locations":[{"start":{"line":115,"column":47},"end":{"line":115,"column":54}},{"start":{"line":115,"column":57},"end":{"line":115,"column":64}}]},"11":{"loc":{"start":{"line":118,"column":10},"end":{"line":118,"column":73}},"type":"cond-expr","locations":[{"start":{"line":118,"column":45},"end":{"line":118,"column":58}},{"start":{"line":118,"column":61},"end":{"line":118,"column":73}}]}},"s":{"0":5,"1":5,"2":5,"3":5,"4":32,"5":32,"6":32,"7":32,"8":32,"9":32,"10":32,"11":32,"12":32,"13":32,"14":32,"15":32,"16":32,"17":16,"18":16,"19":32,"20":16,"21":16,"22":7,"23":32,"24":0,"25":0,"26":0,"27":0,"28":0,"29":32,"30":8,"31":32,"32":32,"33":8,"34":8,"35":0,"36":84,"37":84,"38":0,"39":5},"f":{"0":32,"1":16,"2":16,"3":0,"4":8,"5":32,"6":8,"7":8,"8":0,"9":84,"10":0},"b":{"0":[0,32],"1":[7],"2":[0,7],"3":[7,7],"4":[14,18],"5":[32,14],"6":[32,14],"7":[0,14],"8":[14,70],"9":[14,56],"10":[14,70],"11":[14,70]}}
,"C:\\Users\\manis\\Work\\Aftershoot\\Unicorn-Design-System\\src\\components\\Label\\Label.tsx": {"path":"C:\\Users\\manis\\Work\\Aftershoot\\Unicorn-Design-System\\src\\components\\Label\\Label.tsx","statementMap":{"0":{"start":{"line":1,"column":0},"end":{"line":1,"column":25}},"1":{"start":{"line":20,"column":36},"end":{"line":27,"column":1}},"2":{"start":{"line":20,"column":44},"end":{"line":20,"column":46}},"3":{"start":{"line":20,"column":46},"end":{"line":20,"column":55}},"4":{"start":{"line":20,"column":55},"end":{"line":20,"column":62}},"5":{"start":{"line":20,"column":70},"end":{"line":20,"column":72}},"6":{"start":{"line":21,"column":1},"end":{"line":26,"column":null}},"7":{"start":{"line":29,"column":0},"end":{"line":29,"column":null}}},"fnMap":{"0":{"name":"(anonymous_1)","decl":{"start":{"line":20,"column":36},"end":{"line":20,"column":37}},"loc":{"start":{"line":20,"column":72},"end":{"line":27,"column":1}}}},"branchMap":{"0":{"loc":{"start":{"line":20,"column":55},"end":{"line":20,"column":62}},"type":"cond-expr","locations":[{"start":{"line":20,"column":58},"end":{"line":20,"column":60}},{"start":{"line":20,"column":60},"end":{"line":20,"column":62}}]}},"s":{"0":5,"1":5,"2":0,"3":0,"4":0,"5":0,"6":0,"7":5},"f":{"0":0},"b":{"0":[0,0]}}
,"C:\\Users\\manis\\Work\\Aftershoot\\Unicorn-Design-System\\src\\components\\LinearProgressBar\\LinearProgressBar.tsx": {"path":"C:\\Users\\manis\\Work\\Aftershoot\\Unicorn-Design-System\\src\\components\\LinearProgressBar\\LinearProgressBar.tsx","statementMap":{"0":{"start":{"line":1,"column":0},"end":{"line":1,"column":25}},"1":{"start":{"line":2,"column":0},"end":{"line":2,"column":33}},"2":{"start":{"line":31,"column":60},"end":{"line":51,"column":1}},"3":{"start":{"line":32,"column":1},"end":{"line":50,"column":null}},"4":{"start":{"line":53,"column":0},"end":{"line":57,"column":null}},"5":{"start":{"line":59,"column":0},"end":{"line":59,"column":null}}},"fnMap":{"0":{"name":"(anonymous_1)","decl":{"start":{"line":31,"column":60},"end":{"line":31,"column":61}},"loc":{"start":{"line":31,"column":66},"end":{"line":51,"column":1}}}},"branchMap":{"0":{"loc":{"start":{"line":34,"column":4},"end":{"line":47,"column":null}},"type":"cond-expr","locations":[{"start":{"line":35,"column":4},"end":{"line":40,"column":null}},{"start":{"line":43,"column":4},"end":{"line":46,"column":null}}]}},"s":{"0":5,"1":5,"2":5,"3":0,"4":5,"5":5},"f":{"0":0},"b":{"0":[0,0]}}
,"C:\\Users\\manis\\Work\\Aftershoot\\Unicorn-Design-System\\src\\components\\SVG\\DownArrow.tsx": {"path":"C:\\Users\\manis\\Work\\Aftershoot\\Unicorn-Design-System\\src\\components\\SVG\\DownArrow.tsx","statementMap":{"0":{"start":{"line":1,"column":0},"end":{"line":1,"column":25}},"1":{"start":{"line":7,"column":38},"end":{"line":13,"column":1}},"2":{"start":{"line":7,"column":50},"end":{"line":7,"column":62}},"3":{"start":{"line":8,"column":1},"end":{"line":12,"column":null}},"4":{"start":{"line":15,"column":0},"end":{"line":15,"column":null}}},"fnMap":{"0":{"name":"(anonymous_1)","decl":{"start":{"line":7,"column":38},"end":{"line":7,"column":39}},"loc":{"start":{"line":7,"column":62},"end":{"line":13,"column":1}}}},"branchMap":{},"s":{"0":5,"1":5,"2":24,"3":24,"4":5},"f":{"0":24},"b":{}}
,"C:\\Users\\manis\\Work\\Aftershoot\\Unicorn-Design-System\\src\\components\\Switch\\Switch.tsx": {"path":"C:\\Users\\manis\\Work\\Aftershoot\\Unicorn-Design-System\\src\\components\\Switch\\Switch.tsx","statementMap":{"0":{"start":{"line":1,"column":0},"end":{"line":1,"column":42}},"1":{"start":{"line":2,"column":0},"end":{"line":2,"column":41}},"2":{"start":{"line":28,"column":38},"end":{"line":42,"column":1}},"3":{"start":{"line":29,"column":17},"end":{"line":31,"column":34}},"4":{"start":{"line":30,"column":2},"end":{"line":30,"column":null}},"5":{"start":{"line":33,"column":1},"end":{"line":41,"column":null}},"6":{"start":{"line":44,"column":0},"end":{"line":44,"column":null}}},"fnMap":{"0":{"name":"(anonymous_7)","decl":{"start":{"line":28,"column":38},"end":{"line":28,"column":39}},"loc":{"start":{"line":28,"column":44},"end":{"line":42,"column":1}}},"1":{"name":"(anonymous_8)","decl":{"start":{"line":29,"column":29},"end":{"line":29,"column":null}},"loc":{"start":{"line":29,"column":29},"end":{"line":31,"column":2}}}},"branchMap":{"0":{"loc":{"start":{"line":35,"column":34},"end":{"line":35,"column":66}},"type":"cond-expr","locations":[{"start":{"line":35,"column":48},"end":{"line":35,"column":61}},{"start":{"line":35,"column":64},"end":{"line":35,"column":66}}]},"1":{"loc":{"start":{"line":35,"column":70},"end":{"line":35,"column":121}},"type":"cond-expr","locations":[{"start":{"line":35,"column":101},"end":{"line":35,"column":116}},{"start":{"line":35,"column":119},"end":{"line":35,"column":121}}]}},"s":{"0":5,"1":5,"2":5,"3":0,"4":0,"5":0,"6":5},"f":{"0":0,"1":0},"b":{"0":[0,0],"1":[0,0]}}
,"C:\\Users\\manis\\Work\\Aftershoot\\Unicorn-Design-System\\src\\components\\TextInput\\TextInput.tsx": {"path":"C:\\Users\\manis\\Work\\Aftershoot\\Unicorn-Design-System\\src\\components\\TextInput\\TextInput.tsx","statementMap":{"0":{"start":{"line":1,"column":0},"end":{"line":1,"column":39}},"1":{"start":{"line":2,"column":0},"end":{"line":2,"column":70}},"2":{"start":{"line":3,"column":0},"end":{"line":3,"column":68}},"3":{"start":{"line":4,"column":0},"end":{"line":4,"column":41}},"4":{"start":{"line":74,"column":44},"end":{"line":143,"column":1}},"5":{"start":{"line":75,"column":41},"end":{"line":75,"column":76}},"6":{"start":{"line":75,"column":20},"end":{"line":75,"column":22}},"7":{"start":{"line":75,"column":37},"end":{"line":75,"column":41}},"8":{"start":{"line":77,"column":1},"end":{"line":142,"column":null}},"9":{"start":{"line":93,"column":7},"end":{"line":95,"column":null}},"10":{"start":{"line":94,"column":8},"end":{"line":94,"column":null}},"11":{"start":{"line":96,"column":7},"end":{"line":98,"column":null}},"12":{"start":{"line":97,"column":8},"end":{"line":97,"column":null}},"13":{"start":{"line":99,"column":7},"end":{"line":108,"column":null}},"14":{"start":{"line":100,"column":28},"end":{"line":100,"column":42}},"15":{"start":{"line":101,"column":8},"end":{"line":107,"column":null}},"16":{"start":{"line":102,"column":9},"end":{"line":106,"column":null}},"17":{"start":{"line":114,"column":22},"end":{"line":114,"column":null}},"18":{"start":{"line":114,"column":49},"end":{"line":114,"column":56}},"19":{"start":{"line":136,"column":88},"end":{"line":136,"column":null}},"20":{"start":{"line":136,"column":115},"end":{"line":136,"column":122}},"21":{"start":{"line":145,"column":0},"end":{"line":145,"column":null}}},"fnMap":{"0":{"name":"(anonymous_7)","decl":{"start":{"line":74,"column":44},"end":{"line":74,"column":45}},"loc":{"start":{"line":74,"column":50},"end":{"line":143,"column":1}}},"1":{"name":"(anonymous_8)","decl":{"start":{"line":87,"column":81},"end":{"line":87,"column":88}},"loc":{"start":{"line":87,"column":81},"end":{"line":87,"column":89}}},"2":{"name":"(anonymous_9)","decl":{"start":{"line":88,"column":63},"end":{"line":88,"column":70}},"loc":{"start":{"line":88,"column":63},"end":{"line":88,"column":71}}},"3":{"name":"(anonymous_10)","decl":{"start":{"line":92,"column":17},"end":{"line":92,"column":18}},"loc":{"start":{"line":92,"column":24},"end":{"line":109,"column":7}}},"4":{"name":"(anonymous_11)","decl":{"start":{"line":101,"column":44},"end":{"line":101,"column":45}},"loc":{"start":{"line":101,"column":49},"end":{"line":107,"column":9}}},"5":{"name":"(anonymous_12)","decl":{"start":{"line":114,"column":16},"end":{"line":114,"column":22}},"loc":{"start":{"line":114,"column":16},"end":{"line":114,"column":37}}},"6":{"name":"(anonymous_13)","decl":{"start":{"line":114,"column":38},"end":{"line":114,"column":39}},"loc":{"start":{"line":114,"column":44},"end":{"line":114,"column":50}}},"7":{"name":"(anonymous_14)","decl":{"start":{"line":136,"column":82},"end":{"line":136,"column":88}},"loc":{"start":{"line":136,"column":82},"end":{"line":136,"column":103}}},"8":{"name":"(anonymous_15)","decl":{"start":{"line":136,"column":104},"end":{"line":136,"column":105}},"loc":{"start":{"line":136,"column":110},"end":{"line":136,"column":116}}}},"branchMap":{"0":{"loc":{"start":{"line":79,"column":4},"end":{"line":120,"column":null}},"type":"binary-expr","locations":[{"start":{"line":79,"column":5},"end":{"line":79,"column":19}},{"start":{"line":79,"column":23},"end":{"line":79,"column":50}},{"start":{"line":79,"column":54},"end":{"line":79,"column":83}},{"start":{"line":80,"column":4},"end":{"line":119,"column":null}}]},"1":{"loc":{"start":{"line":80,"column":32},"end":{"line":80,"column":48}},"type":"cond-expr","locations":[{"start":{"line":80,"column":37},"end":{"line":80,"column":39}},{"start":{"line":80,"column":32},"end":{"line":80,"column":48}}]},"2":{"loc":{"start":{"line":80,"column":32},"end":{"line":80,"column":39}},"type":"binary-expr","locations":[{"start":{"line":80,"column":32},"end":{"line":80,"column":39}},{"start":{"line":80,"column":32},"end":{"line":80,"column":39}}]},"3":{"loc":{"start":{"line":83,"column":12},"end":{"line":83,"column":47}},"type":"cond-expr","locations":[{"start":{"line":83,"column":28},"end":{"line":83,"column":34}},{"start":{"line":83,"column":37},"end":{"line":83,"column":47}}]},"4":{"loc":{"start":{"line":84,"column":20},"end":{"line":84,"column":59}},"type":"binary-expr","locations":[{"start":{"line":84,"column":20},"end":{"line":84,"column":45}},{"start":{"line":84,"column":49},"end":{"line":84,"column":59}}]},"5":{"loc":{"start":{"line":87,"column":16},"end":{"line":87,"column":89}},"type":"cond-expr","locations":[{"start":{"line":87,"column":64},"end":{"line":87,"column":78}},{"start":{"line":87,"column":81},"end":{"line":87,"column":89}}]},"6":{"loc":{"start":{"line":87,"column":16},"end":{"line":87,"column":61}},"type":"binary-expr","locations":[{"start":{"line":87,"column":16},"end":{"line":87,"column":30}},{"start":{"line":87,"column":34},"end":{"line":87,"column":61}}]},"7":{"loc":{"start":{"line":88,"column":15},"end":{"line":88,"column":71}},"type":"cond-expr","locations":[{"start":{"line":88,"column":47},"end":{"line":88,"column":60}},{"start":{"line":88,"column":63},"end":{"line":88,"column":71}}]},"8":{"loc":{"start":{"line":93,"column":7},"end":{"line":95,"column":null}},"type":"if","locations":[{"start":{"line":93,"column":7},"end":{"line":95,"column":null}}]},"9":{"loc":{"start":{"line":93,"column":11},"end":{"line":93,"column":90}},"type":"binary-expr","locations":[{"start":{"line":93,"column":12},"end":{"line":93,"column":21}},{"start":{"line":93,"column":26},"end":{"line":93,"column":58}},{"start":{"line":93,"column":62},"end":{"line":93,"column":71}},{"start":{"line":93,"column":77},"end":{"line":93,"column":90}}]},"10":{"loc":{"start":{"line":96,"column":7},"end":{"line":98,"column":null}},"type":"if","locations":[{"start":{"line":96,"column":7},"end":{"line":98,"column":null}}]},"11":{"loc":{"start":{"line":96,"column":11},"end":{"line":96,"column":90}},"type":"binary-expr","locations":[{"start":{"line":96,"column":12},"end":{"line":96,"column":21}},{"start":{"line":96,"column":26},"end":{"line":96,"column":58}},{"start":{"line":96,"column":62},"end":{"line":96,"column":71}},{"start":{"line":96,"column":77},"end":{"line":96,"column":90}}]},"12":{"loc":{"start":{"line":99,"column":7},"end":{"line":108,"column":null}},"type":"if","locations":[{"start":{"line":99,"column":7},"end":{"line":108,"column":null}}]},"13":{"loc":{"start":{"line":99,"column":11},"end":{"line":99,"column":37}},"type":"binary-expr","locations":[{"start":{"line":99,"column":11},"end":{"line":99,"column":20}},{"start":{"line":99,"column":24},"end":{"line":99,"column":37}}]},"14":{"loc":{"start":{"line":111,"column":6},"end":{"line":118,"column":null}},"type":"binary-expr","locations":[{"start":{"line":111,"column":6},"end":{"line":111,"column":31}},{"start":{"line":112,"column":6},"end":{"line":117,"column":null}}]},"15":{"loc":{"start":{"line":117,"column":8},"end":{"line":117,"column":45}},"type":"cond-expr","locations":[{"start":{"line":117,"column":23},"end":{"line":117,"column":32}},{"start":{"line":117,"column":35},"end":{"line":117,"column":45}}]},"16":{"loc":{"start":{"line":123,"column":4},"end":{"line":139,"column":null}},"type":"binary-expr","locations":[{"start":{"line":123,"column":4},"end":{"line":123,"column":32}},{"start":{"line":124,"column":4},"end":{"line":138,"column":null}}]},"17":{"loc":{"start":{"line":124,"column":32},"end":{"line":124,"column":48}},"type":"cond-expr","locations":[{"start":{"line":124,"column":37},"end":{"line":124,"column":39}},{"start":{"line":124,"column":32},"end":{"line":124,"column":48}}]},"18":{"loc":{"start":{"line":124,"column":32},"end":{"line":124,"column":39}},"type":"binary-expr","locations":[{"start":{"line":124,"column":32},"end":{"line":124,"column":39}},{"start":{"line":124,"column":32},"end":{"line":124,"column":39}}]}},"s":{"0":5,"1":5,"2":5,"3":5,"4":5,"5":0,"6":0,"7":0,"8":0,"9":0,"10":0,"11":0,"12":0,"13":0,"14":0,"15":0,"16":0,"17":0,"18":0,"19":0,"20":0,"21":5},"f":{"0":0,"1":0,"2":0,"3":0,"4":0,"5":0,"6":0,"7":0,"8":0},"b":{"0":[0,0,0,0],"1":[0,0],"2":[0,0],"3":[0,0],"4":[0,0],"5":[0,0],"6":[0,0],"7":[0,0],"8":[0],"9":[0,0,0,0],"10":[0],"11":[0,0,0,0],"12":[0],"13":[0,0],"14":[0,0],"15":[0,0],"16":[0,0],"17":[0,0],"18":[0,0]}}
,"C:\\Users\\manis\\Work\\Aftershoot\\Unicorn-Design-System\\src\\components\\Toggle\\Toggle.tsx": {"path":"C:\\Users\\manis\\Work\\Aftershoot\\Unicorn-Design-System\\src\\components\\Toggle\\Toggle.tsx","statementMap":{"0":{"start":{"line":1,"column":0},"end":{"line":1,"column":25}},"1":{"start":{"line":2,"column":0},"end":{"line":2,"column":22}},"2":{"start":{"line":30,"column":38},"end":{"line":45,"column":1}},"3":{"start":{"line":31,"column":1},"end":{"line":44,"column":null}},"4":{"start":{"line":33,"column":85},"end":{"line":33,"column":null}},"5":{"start":{"line":36,"column":90},"end":{"line":36,"column":null}},"6":{"start":{"line":47,"column":0},"end":{"line":47,"column":null}}},"fnMap":{"0":{"name":"(anonymous_1)","decl":{"start":{"line":30,"column":38},"end":{"line":30,"column":39}},"loc":{"start":{"line":30,"column":57},"end":{"line":45,"column":1}}},"1":{"name":"(anonymous_2)","decl":{"start":{"line":33,"column":79},"end":{"line":33,"column":85}},"loc":{"start":{"line":33,"column":79},"end":{"line":33,"column":90}}},"2":{"name":"(anonymous_3)","decl":{"start":{"line":36,"column":84},"end":{"line":36,"column":90}},"loc":{"start":{"line":36,"column":84},"end":{"line":36,"column":95}}}},"branchMap":{"0":{"loc":{"start":{"line":40,"column":81},"end":{"line":40,"column":116}},"type":"cond-expr","locations":[{"start":{"line":40,"column":96},"end":{"line":40,"column":111}},{"start":{"line":40,"column":114},"end":{"line":40,"column":116}}]},"1":{"loc":{"start":{"line":41,"column":5},"end":{"line":41,"column":61}},"type":"cond-expr","locations":[{"start":{"line":41,"column":19},"end":{"line":41,"column":38}},{"start":{"line":41,"column":41},"end":{"line":41,"column":61}}]}},"s":{"0":5,"1":5,"2":5,"3":0,"4":0,"5":0,"6":5},"f":{"0":0,"1":0,"2":0},"b":{"0":[0,0],"1":[0,0]}}
}
