TN:
SF:src\components\index.ts
FNF:0
FNH:0
DA:1,10
DA:2,10
DA:3,10
DA:4,10
DA:5,10
DA:6,10
DA:7,10
DA:8,10
DA:9,10
DA:10,10
DA:11,10
DA:14,10
DA:16,10
DA:18,10
DA:20,10
DA:22,10
DA:24,10
DA:26,10
DA:28,10
DA:30,10
DA:32,10
DA:34,10
LF:22
LH:22
BRF:0
BRH:0
end_of_record
TN:
SF:src\components\Button\Button.tsx
FN:63,(anonymous_3)
FNF:1
FNH:1
FNDA:13,(anonymous_3)
DA:1,10
DA:2,10
DA:63,10
DA:64,13
DA:82,10
DA:86,10
LF:6
LH:6
BRDA:68,0,0,12
BRDA:68,0,1,0
BRDA:71,1,0,12
BRDA:71,1,1,12
BRDA:75,2,0,12
BRDA:75,2,1,11
BRDA:77,3,0,12
BRDA:77,3,1,9
BRF:8
BRH:7
end_of_record
TN:
SF:src\components\CheckBox\CheckBox.tsx
FN:18,(anonymous_6)
FN:20,(anonymous_7)
FNF:2
FNH:2
FNDA:3,(anonymous_6)
FNDA:1,(anonymous_7)
DA:1,10
DA:2,10
DA:3,10
DA:18,10
DA:19,3
DA:21,1
DA:26,3
DA:40,10
LF:8
LH:8
BRDA:30,0,0,1
BRDA:30,0,1,2
BRDA:35,1,0,3
BRDA:35,1,1,1
BRF:4
BRH:4
end_of_record
TN:
SF:src\components\Chip\Chip.tsx
FN:51,(anonymous_4)
FNF:1
FNH:1
FNDA:5,(anonymous_4)
DA:1,10
DA:2,10
DA:51,10
DA:52,4
DA:68,10
LF:5
LH:5
BRDA:51,0,0,2
BRDA:51,0,1,2
BRDA:57,1,0,0
BRDA:57,1,1,4
BRDA:61,2,0,4
BRDA:61,2,1,2
BRDA:63,3,0,4
BRDA:63,3,1,3
BRF:8
BRH:7
end_of_record
TN:
SF:src\components\Dialog\Dialog.tsx
FN:42,(anonymous_1)
FN:47,(anonymous_2)
FNF:2
FNH:0
FNDA:0,(anonymous_1)
FNDA:0,(anonymous_2)
DA:1,10
DA:2,10
DA:3,10
DA:42,10
DA:43,0
DA:48,0
DA:49,0
DA:50,0
DA:51,0
DA:73,10
LF:10
LH:5
BRDA:48,0,0,0
BRDA:48,0,1,0
BRDA:50,1,0,0
BRDA:50,2,0,0
BRDA:50,2,1,0
BRDA:58,3,0,0
BRDA:58,3,1,0
BRDA:58,4,0,0
BRDA:58,4,1,0
BRDA:58,5,0,0
BRDA:58,5,1,0
BRDA:59,6,0,0
BRDA:59,6,1,0
BRDA:59,7,0,0
BRDA:59,7,1,0
BRDA:59,8,0,0
BRDA:59,8,1,0
BRDA:60,9,0,0
BRDA:60,9,1,0
BRDA:60,10,0,0
BRDA:60,10,1,0
BRDA:60,11,0,0
BRDA:60,11,1,0
BRF:23
BRH:0
end_of_record
TN:
SF:src\components\Divider\Divider.tsx
FN:22,(anonymous_1)
FNF:1
FNH:1
FNDA:3,(anonymous_1)
DA:1,10
DA:2,10
DA:22,10
DA:23,3
DA:26,10
LF:5
LH:5
BRDA:23,0,0,2
BRDA:23,0,1,1
BRDA:23,1,0,3
BRDA:23,1,1,3
BRF:4
BRH:4
end_of_record
TN:
SF:src\components\DropDown\DropDown.tsx
FN:45,(anonymous_10)
FN:53,(anonymous_11)
FN:58,(anonymous_12)
FN:66,(anonymous_13)
FN:77,(anonymous_14)
FN:78,(anonymous_15)
FN:86,(anonymous_16)
FN:86,(anonymous_17)
FN:101,(anonymous_18)
FN:109,(anonymous_19)
FN:120,(anonymous_20)
FNF:11
FNH:8
FNDA:32,(anonymous_10)
FNDA:16,(anonymous_11)
FNDA:16,(anonymous_12)
FNDA:0,(anonymous_13)
FNDA:8,(anonymous_14)
FNDA:32,(anonymous_15)
FNDA:8,(anonymous_16)
FNDA:8,(anonymous_17)
FNDA:0,(anonymous_18)
FNDA:84,(anonymous_19)
FNDA:0,(anonymous_20)
DA:1,10
DA:2,10
DA:3,10
DA:45,32
DA:46,32
DA:47,32
DA:48,32
DA:50,32
DA:51,32
DA:53,32
DA:54,16
DA:55,16
DA:58,32
DA:59,16
DA:60,16
DA:61,7
DA:65,32
DA:67,0
DA:68,0
DA:70,0
DA:71,0
DA:72,0
DA:77,32
DA:78,32
DA:81,32
DA:86,8
DA:101,0
DA:110,84
DA:111,84
DA:120,0
DA:133,10
LF:31
LH:24
BRDA:45,0,0,0
BRDA:45,0,1,32
BRDA:60,1,0,7
BRDA:61,2,0,0
BRDA:61,2,1,7
BRDA:61,3,0,7
BRDA:61,3,1,7
BRDA:96,4,0,14
BRDA:96,4,1,18
BRDA:101,5,0,32
BRDA:101,5,1,14
BRDA:103,6,0,32
BRDA:103,6,1,14
BRDA:106,7,0,0
BRDA:106,7,1,14
BRDA:113,8,0,14
BRDA:113,8,1,70
BRDA:113,9,0,14
BRDA:113,9,1,56
BRDA:115,10,0,14
BRDA:115,10,1,70
BRDA:118,11,0,14
BRDA:118,11,1,70
BRF:23
BRH:20
end_of_record
TN:
SF:src\components\Label\Label.tsx
FN:20,(anonymous_1)
FNF:1
FNH:1
FNDA:3,(anonymous_1)
DA:1,10
DA:20,10
DA:21,3
DA:29,10
LF:4
LH:4
BRDA:20,0,0,2
BRDA:20,0,1,1
BRF:2
BRH:2
end_of_record
TN:
SF:src\components\LinearProgressBar\LinearProgressBar.tsx
FN:31,(anonymous_1)
FNF:1
FNH:1
FNDA:3,(anonymous_1)
DA:1,10
DA:2,10
DA:31,10
DA:32,3
DA:53,10
DA:59,10
LF:6
LH:6
BRDA:34,0,0,1
BRDA:34,0,1,2
BRF:2
BRH:2
end_of_record
TN:
SF:src\components\SVG\DownArrow.tsx
FN:7,(anonymous_1)
FNF:1
FNH:1
FNDA:24,(anonymous_1)
DA:1,10
DA:7,24
DA:8,24
DA:15,10
LF:4
LH:4
BRF:0
BRH:0
end_of_record
TN:
SF:src\components\Switch\Switch.tsx
FN:28,(anonymous_7)
FN:29,(anonymous_8)
FNF:2
FNH:2
FNDA:3,(anonymous_7)
FNDA:2,(anonymous_8)
DA:1,10
DA:2,10
DA:28,10
DA:29,3
DA:30,2
DA:33,3
DA:45,10
LF:7
LH:7
BRDA:35,0,0,1
BRDA:35,0,1,2
BRDA:35,1,0,0
BRDA:35,1,1,3
BRF:4
BRH:3
end_of_record
TN:
SF:src\components\TextInput\TextInput.tsx
FN:74,(anonymous_7)
FN:87,(anonymous_8)
FN:88,(anonymous_9)
FN:93,(anonymous_10)
FN:102,(anonymous_11)
FN:115,(anonymous_12)
FN:115,(anonymous_13)
FN:139,(anonymous_14)
FN:139,(anonymous_15)
FNF:9
FNH:1
FNDA:8,(anonymous_7)
FNDA:0,(anonymous_8)
FNDA:0,(anonymous_9)
FNDA:0,(anonymous_10)
FNDA:0,(anonymous_11)
FNDA:0,(anonymous_12)
FNDA:0,(anonymous_13)
FNDA:0,(anonymous_14)
FNDA:0,(anonymous_15)
DA:1,10
DA:2,10
DA:3,10
DA:4,10
DA:74,10
DA:75,8
DA:77,7
DA:94,0
DA:95,0
DA:97,0
DA:98,0
DA:100,0
DA:101,0
DA:102,0
DA:103,0
DA:115,0
DA:139,0
DA:148,10
LF:18
LH:8
BRDA:79,0,0,7
BRDA:79,0,1,6
BRDA:79,0,2,3
BRDA:79,0,3,5
BRDA:80,1,0,0
BRDA:80,1,1,5
BRDA:80,2,0,5
BRDA:80,2,1,5
BRDA:83,3,0,4
BRDA:83,3,1,1
BRDA:84,4,0,5
BRDA:84,4,1,1
BRDA:87,5,0,4
BRDA:87,5,1,1
BRDA:87,6,0,5
BRDA:87,6,1,4
BRDA:88,7,0,1
BRDA:88,7,1,4
BRDA:94,8,0,0
BRDA:94,9,0,0
BRDA:94,9,1,0
BRDA:94,9,2,0
BRDA:94,9,3,0
BRDA:97,10,0,0
BRDA:97,11,0,0
BRDA:97,11,1,0
BRDA:97,11,2,0
BRDA:97,11,3,0
BRDA:100,12,0,0
BRDA:100,13,0,0
BRDA:100,13,1,0
BRDA:112,14,0,5
BRDA:112,14,1,1
BRDA:119,15,0,1
BRDA:119,15,1,0
BRDA:125,16,0,7
BRDA:125,16,1,2
BRDA:126,17,0,0
BRDA:126,17,1,2
BRDA:126,18,0,2
BRDA:126,18,1,2
BRF:41
BRH:25
end_of_record
TN:
SF:src\components\Toggle\Toggle.tsx
FN:30,(anonymous_1)
FN:33,(anonymous_2)
FN:36,(anonymous_3)
FNF:3
FNH:3
FNDA:4,(anonymous_1)
FNDA:1,(anonymous_2)
FNDA:1,(anonymous_3)
DA:1,10
DA:2,10
DA:30,10
DA:31,4
DA:33,1
DA:36,1
DA:47,10
LF:7
LH:7
BRDA:40,0,0,2
BRDA:40,0,1,2
BRDA:41,1,0,2
BRDA:41,1,1,2
BRF:4
BRH:4
end_of_record
