TN:
SF:src\components\index.ts
FNF:0
FNH:0
DA:1,5
DA:2,5
DA:3,5
DA:4,5
DA:5,5
DA:6,5
DA:7,5
DA:8,5
DA:9,5
DA:10,5
DA:11,5
DA:14,5
DA:16,5
DA:18,5
DA:20,5
DA:22,5
DA:24,5
DA:26,5
DA:28,5
DA:30,5
DA:32,5
DA:34,5
LF:22
LH:22
BRF:0
BRH:0
end_of_record
TN:
SF:src\components\Button\Button.tsx
FN:63,(anonymous_3)
FNF:1
FNH:1
FNDA:13,(anonymous_3)
DA:1,5
DA:2,5
DA:63,5
DA:64,13
DA:82,5
DA:86,5
LF:6
LH:6
BRDA:68,0,0,12
BRDA:68,0,1,0
BRDA:71,1,0,12
BRDA:71,1,1,12
BRDA:75,2,0,12
BRDA:75,2,1,11
BRDA:77,3,0,12
BRDA:77,3,1,9
BRF:8
BRH:7
end_of_record
TN:
SF:src\components\CheckBox\CheckBox.tsx
FN:18,(anonymous_6)
FN:20,(anonymous_7)
FNF:2
FNH:2
FNDA:3,(anonymous_6)
FNDA:1,(anonymous_7)
DA:1,5
DA:2,5
DA:3,5
DA:18,5
DA:19,3
DA:21,1
DA:26,3
DA:40,5
LF:8
LH:8
BRDA:30,0,0,1
BRDA:30,0,1,2
BRDA:35,1,0,3
BRDA:35,1,1,1
BRF:4
BRH:4
end_of_record
TN:
SF:src\components\Chip\Chip.tsx
FN:51,(anonymous_4)
FNF:1
FNH:1
FNDA:5,(anonymous_4)
DA:1,5
DA:2,5
DA:51,5
DA:52,4
DA:68,5
LF:5
LH:5
BRDA:51,0,0,2
BRDA:51,0,1,2
BRDA:57,1,0,0
BRDA:57,1,1,4
BRDA:61,2,0,4
BRDA:61,2,1,2
BRDA:63,3,0,4
BRDA:63,3,1,3
BRF:8
BRH:7
end_of_record
TN:
SF:src\components\Dialog\Dialog.tsx
FN:42,(anonymous_1)
FN:47,(anonymous_2)
FNF:2
FNH:0
FNDA:0,(anonymous_1)
FNDA:0,(anonymous_2)
DA:1,5
DA:2,5
DA:3,5
DA:42,5
DA:43,0
DA:48,0
DA:49,0
DA:50,0
DA:51,0
DA:73,5
LF:10
LH:5
BRDA:48,0,0,0
BRDA:48,0,1,0
BRDA:50,1,0,0
BRDA:50,2,0,0
BRDA:50,2,1,0
BRDA:58,3,0,0
BRDA:58,3,1,0
BRDA:58,4,0,0
BRDA:58,4,1,0
BRDA:58,5,0,0
BRDA:58,5,1,0
BRDA:59,6,0,0
BRDA:59,6,1,0
BRDA:59,7,0,0
BRDA:59,7,1,0
BRDA:59,8,0,0
BRDA:59,8,1,0
BRDA:60,9,0,0
BRDA:60,9,1,0
BRDA:60,10,0,0
BRDA:60,10,1,0
BRDA:60,11,0,0
BRDA:60,11,1,0
BRF:23
BRH:0
end_of_record
TN:
SF:src\components\Divider\Divider.tsx
FN:22,(anonymous_1)
FNF:1
FNH:1
FNDA:3,(anonymous_1)
DA:1,5
DA:2,5
DA:22,5
DA:23,3
DA:26,5
LF:5
LH:5
BRDA:23,0,0,2
BRDA:23,0,1,1
BRDA:23,1,0,3
BRDA:23,1,1,3
BRF:4
BRH:4
end_of_record
TN:
SF:src\components\DropDown\DropDown.tsx
FN:45,(anonymous_10)
FN:53,(anonymous_11)
FN:58,(anonymous_12)
FN:66,(anonymous_13)
FN:77,(anonymous_14)
FN:78,(anonymous_15)
FN:86,(anonymous_16)
FN:86,(anonymous_17)
FN:101,(anonymous_18)
FN:109,(anonymous_19)
FN:120,(anonymous_20)
FNF:11
FNH:8
FNDA:32,(anonymous_10)
FNDA:16,(anonymous_11)
FNDA:16,(anonymous_12)
FNDA:0,(anonymous_13)
FNDA:8,(anonymous_14)
FNDA:32,(anonymous_15)
FNDA:8,(anonymous_16)
FNDA:8,(anonymous_17)
FNDA:0,(anonymous_18)
FNDA:84,(anonymous_19)
FNDA:0,(anonymous_20)
DA:1,5
DA:2,5
DA:3,5
DA:45,32
DA:46,32
DA:47,32
DA:48,32
DA:50,32
DA:51,32
DA:53,32
DA:54,16
DA:55,16
DA:58,32
DA:59,16
DA:60,16
DA:61,7
DA:65,32
DA:67,0
DA:68,0
DA:70,0
DA:71,0
DA:72,0
DA:77,32
DA:78,32
DA:81,32
DA:86,8
DA:101,0
DA:110,84
DA:111,84
DA:120,0
DA:133,5
LF:31
LH:24
BRDA:45,0,0,0
BRDA:45,0,1,32
BRDA:60,1,0,7
BRDA:61,2,0,0
BRDA:61,2,1,7
BRDA:61,3,0,7
BRDA:61,3,1,7
BRDA:96,4,0,14
BRDA:96,4,1,18
BRDA:101,5,0,32
BRDA:101,5,1,14
BRDA:103,6,0,32
BRDA:103,6,1,14
BRDA:106,7,0,0
BRDA:106,7,1,14
BRDA:113,8,0,14
BRDA:113,8,1,70
BRDA:113,9,0,14
BRDA:113,9,1,56
BRDA:115,10,0,14
BRDA:115,10,1,70
BRDA:118,11,0,14
BRDA:118,11,1,70
BRF:23
BRH:20
end_of_record
TN:
SF:src\components\Label\Label.tsx
FN:20,(anonymous_1)
FNF:1
FNH:0
FNDA:0,(anonymous_1)
DA:1,5
DA:20,5
DA:21,0
DA:29,5
LF:4
LH:3
BRDA:20,0,0,0
BRDA:20,0,1,0
BRF:2
BRH:0
end_of_record
TN:
SF:src\components\LinearProgressBar\LinearProgressBar.tsx
FN:31,(anonymous_1)
FNF:1
FNH:0
FNDA:0,(anonymous_1)
DA:1,5
DA:2,5
DA:31,5
DA:32,0
DA:53,5
DA:59,5
LF:6
LH:5
BRDA:34,0,0,0
BRDA:34,0,1,0
BRF:2
BRH:0
end_of_record
TN:
SF:src\components\SVG\DownArrow.tsx
FN:7,(anonymous_1)
FNF:1
FNH:1
FNDA:24,(anonymous_1)
DA:1,5
DA:7,24
DA:8,24
DA:15,5
LF:4
LH:4
BRF:0
BRH:0
end_of_record
TN:
SF:src\components\Switch\Switch.tsx
FN:28,(anonymous_7)
FN:29,(anonymous_8)
FNF:2
FNH:0
FNDA:0,(anonymous_7)
FNDA:0,(anonymous_8)
DA:1,5
DA:2,5
DA:28,5
DA:29,0
DA:30,0
DA:33,0
DA:44,5
LF:7
LH:4
BRDA:35,0,0,0
BRDA:35,0,1,0
BRDA:35,1,0,0
BRDA:35,1,1,0
BRF:4
BRH:0
end_of_record
TN:
SF:src\components\TextInput\TextInput.tsx
FN:74,(anonymous_7)
FN:87,(anonymous_8)
FN:88,(anonymous_9)
FN:92,(anonymous_10)
FN:101,(anonymous_11)
FN:114,(anonymous_12)
FN:114,(anonymous_13)
FN:136,(anonymous_14)
FN:136,(anonymous_15)
FNF:9
FNH:0
FNDA:0,(anonymous_7)
FNDA:0,(anonymous_8)
FNDA:0,(anonymous_9)
FNDA:0,(anonymous_10)
FNDA:0,(anonymous_11)
FNDA:0,(anonymous_12)
FNDA:0,(anonymous_13)
FNDA:0,(anonymous_14)
FNDA:0,(anonymous_15)
DA:1,5
DA:2,5
DA:3,5
DA:4,5
DA:74,5
DA:75,0
DA:77,0
DA:93,0
DA:94,0
DA:96,0
DA:97,0
DA:99,0
DA:100,0
DA:101,0
DA:102,0
DA:114,0
DA:136,0
DA:145,5
LF:18
LH:6
BRDA:79,0,0,0
BRDA:79,0,1,0
BRDA:79,0,2,0
BRDA:79,0,3,0
BRDA:80,1,0,0
BRDA:80,1,1,0
BRDA:80,2,0,0
BRDA:80,2,1,0
BRDA:83,3,0,0
BRDA:83,3,1,0
BRDA:84,4,0,0
BRDA:84,4,1,0
BRDA:87,5,0,0
BRDA:87,5,1,0
BRDA:87,6,0,0
BRDA:87,6,1,0
BRDA:88,7,0,0
BRDA:88,7,1,0
BRDA:93,8,0,0
BRDA:93,9,0,0
BRDA:93,9,1,0
BRDA:93,9,2,0
BRDA:93,9,3,0
BRDA:96,10,0,0
BRDA:96,11,0,0
BRDA:96,11,1,0
BRDA:96,11,2,0
BRDA:96,11,3,0
BRDA:99,12,0,0
BRDA:99,13,0,0
BRDA:99,13,1,0
BRDA:111,14,0,0
BRDA:111,14,1,0
BRDA:117,15,0,0
BRDA:117,15,1,0
BRDA:123,16,0,0
BRDA:123,16,1,0
BRDA:124,17,0,0
BRDA:124,17,1,0
BRDA:124,18,0,0
BRDA:124,18,1,0
BRF:41
BRH:0
end_of_record
TN:
SF:src\components\Toggle\Toggle.tsx
FN:30,(anonymous_1)
FN:33,(anonymous_2)
FN:36,(anonymous_3)
FNF:3
FNH:0
FNDA:0,(anonymous_1)
FNDA:0,(anonymous_2)
FNDA:0,(anonymous_3)
DA:1,5
DA:2,5
DA:30,5
DA:31,0
DA:33,0
DA:36,0
DA:47,5
LF:7
LH:4
BRDA:40,0,0,0
BRDA:40,0,1,0
BRDA:41,1,0,0
BRDA:41,1,1,0
BRF:4
BRH:0
end_of_record
